<?xml version="1.0" encoding="UTF-8"?>
<testsuite xmlns:xsi="http://www.w3.org/2001/XMLSchema-instance" xsi:noNamespaceSchemaLocation="https://maven.apache.org/surefire/maven-surefire-plugin/xsd/surefire-test-report.xsd" name="be.civadis.frt.gco.AppTest" time="0.048" tests="1" errors="0" skipped="0" failures="0">
  <properties>
    <property name="awt.toolkit" value="sun.awt.X11.XToolkit"/>
    <property name="file.encoding.pkg" value="sun.io"/>
    <property name="java.specification.version" value="1.8"/>
    <property name="sun.cpu.isalist" value=""/>
    <property name="sun.jnu.encoding" value="UTF-8"/>
    <property name="java.class.path" value="/home/vagrant/sources/es/commones/target/test-classes:/home/vagrant/sources/es/commones/target/classes:/home/vagrant/.m2/repository/junit/junit/4.11/junit-4.11.jar:/home/vagrant/.m2/repository/org/hamcrest/hamcrest-core/1.3/hamcrest-core-1.3.jar:/home/vagrant/.m2/repository/be/civadis/tools/civadis-es/0.0.1-SNAPSHOT/civadis-es-0.0.1-SNAPSHOT.jar:/home/vagrant/.m2/repository/org/axonframework/axon-eventsourcing/4.1.2/axon-eventsourcing-4.1.2.jar:/home/vagrant/.m2/repository/org/axonframework/axon-modelling/4.1.2/axon-modelling-4.1.2.jar:/home/vagrant/.m2/repository/org/slf4j/slf4j-api/1.7.26/slf4j-api-1.7.26.jar:/home/vagrant/.m2/repository/org/axonframework/axon-messaging/4.1.2/axon-messaging-4.1.2.jar:/home/vagrant/.m2/repository/com/thoughtworks/xstream/xstream/1.4.10/xstream-1.4.10.jar:/home/vagrant/.m2/repository/xpp3/xpp3/1.1.4c/xpp3-1.1.4c.jar:"/>
    <property name="java.vm.vendor" value="Oracle Corporation"/>
    <property name="sun.arch.data.model" value="64"/>
    <property name="java.vendor.url" value="http://java.oracle.com/"/>
    <property name="user.timezone" value=""/>
    <property name="java.vm.specification.version" value="1.8"/>
    <property name="os.name" value="Linux"/>
    <property name="user.country" value="BE"/>
    <property name="sun.java.launcher" value="SUN_STANDARD"/>
    <property name="sun.boot.library.path" value="/usr/lib/jvm/java-8-openjdk-amd64/jre/lib/amd64"/>
    <property name="sun.java.command" value="/home/vagrant/sources/es/commones/target/surefire/surefirebooter5102654080962391081.jar /home/vagrant/sources/es/commones/target/surefire 2019-07-25T11-51-31_608-jvmRun1 surefire1009376728855770194tmp surefire_01965042376432110998tmp"/>
    <property name="surefire.test.class.path" value="/home/vagrant/sources/es/commones/target/test-classes:/home/vagrant/sources/es/commones/target/classes:/home/vagrant/.m2/repository/junit/junit/4.11/junit-4.11.jar:/home/vagrant/.m2/repository/org/hamcrest/hamcrest-core/1.3/hamcrest-core-1.3.jar:/home/vagrant/.m2/repository/be/civadis/tools/civadis-es/0.0.1-SNAPSHOT/civadis-es-0.0.1-SNAPSHOT.jar:/home/vagrant/.m2/repository/org/axonframework/axon-eventsourcing/4.1.2/axon-eventsourcing-4.1.2.jar:/home/vagrant/.m2/repository/org/axonframework/axon-modelling/4.1.2/axon-modelling-4.1.2.jar:/home/vagrant/.m2/repository/org/slf4j/slf4j-api/1.7.26/slf4j-api-1.7.26.jar:/home/vagrant/.m2/repository/org/axonframework/axon-messaging/4.1.2/axon-messaging-4.1.2.jar:/home/vagrant/.m2/repository/com/thoughtworks/xstream/xstream/1.4.10/xstream-1.4.10.jar:/home/vagrant/.m2/repository/xpp3/xpp3/1.1.4c/xpp3-1.1.4c.jar:"/>
    <property name="sun.cpu.endian" value="little"/>
    <property name="user.home" value="/home/vagrant"/>
    <property name="user.language" value="fr"/>
    <property name="java.specification.vendor" value="Oracle Corporation"/>
    <property name="java.home" value="/usr/lib/jvm/java-8-openjdk-amd64/jre"/>
    <property name="basedir" value="/home/vagrant/sources/es/commones"/>
    <property name="file.separator" value="/"/>
    <property name="line.separator" value="&#10;"/>
    <property name="java.vm.specification.vendor" value="Oracle Corporation"/>
    <property name="java.specification.name" value="Java Platform API Specification"/>
    <property name="java.awt.graphicsenv" value="sun.awt.X11GraphicsEnvironment"/>
    <property name="surefire.real.class.path" value="/home/vagrant/sources/es/commones/target/surefire/surefirebooter5102654080962391081.jar"/>
    <property name="sun.boot.class.path" value="/usr/lib/jvm/java-8-openjdk-amd64/jre/lib/resources.jar:/usr/lib/jvm/java-8-openjdk-amd64/jre/lib/rt.jar:/usr/lib/jvm/java-8-openjdk-amd64/jre/lib/sunrsasign.jar:/usr/lib/jvm/java-8-openjdk-amd64/jre/lib/jsse.jar:/usr/lib/jvm/java-8-openjdk-amd64/jre/lib/jce.jar:/usr/lib/jvm/java-8-openjdk-amd64/jre/lib/charsets.jar:/usr/lib/jvm/java-8-openjdk-amd64/jre/lib/jfr.jar:/usr/lib/jvm/java-8-openjdk-amd64/jre/classes"/>
    <property name="sun.management.compiler" value="HotSpot 64-Bit Tiered Compilers"/>
    <property name="java.runtime.version" value="1.8.0_191-8u191-b12-2ubuntu0.18.04.1-b12"/>
    <property name="user.name" value="vagrant"/>
    <property name="path.separator" value=":"/>
    <property name="os.version" value="4.15.0-29-generic"/>
    <property name="java.endorsed.dirs" value="/usr/lib/jvm/java-8-openjdk-amd64/jre/lib/endorsed"/>
    <property name="java.runtime.name" value="OpenJDK Runtime Environment"/>
    <property name="file.encoding" value="UTF-8"/>
    <property name="java.vm.name" value="OpenJDK 64-Bit Server VM"/>
    <property name="localRepository" value="/home/vagrant/.m2/repository"/>
    <property name="java.vendor.url.bug" value="http://bugreport.sun.com/bugreport/"/>
    <property name="java.io.tmpdir" value="/tmp"/>
    <property name="java.version" value="1.8.0_191"/>
    <property name="user.dir" value="/home/vagrant/sources/es/commones"/>
    <property name="os.arch" value="amd64"/>
    <property name="java.vm.specification.name" value="Java Virtual Machine Specification"/>
    <property name="java.awt.printerjob" value="sun.print.PSPrinterJob"/>
    <property name="sun.os.patch.level" value="unknown"/>
    <property name="java.library.path" value="/usr/java/packages/lib/amd64:/usr/lib/x86_64-linux-gnu/jni:/lib/x86_64-linux-gnu:/usr/lib/x86_64-linux-gnu:/usr/lib/jni:/lib:/usr/lib"/>
    <property name="java.vm.info" value="mixed mode"/>
    <property name="java.vendor" value="Oracle Corporation"/>
    <property name="java.vm.version" value="25.191-b12"/>
    <property name="java.ext.dirs" value="/usr/lib/jvm/java-8-openjdk-amd64/jre/lib/ext:/usr/java/packages/lib/ext"/>
    <property name="sun.io.unicode.encoding" value="UnicodeLittle"/>
    <property name="java.class.version" value="52.0"/>
  </properties>
  <testcase name="shouldAnswerWithTrue" classname="be.civadis.frt.gco.AppTest" time="0.002"/>
</testsuite>